<?xml version="1.0" encoding="UTF-8"?>
<!-- Generated by org.testng.reporters.JUnitReportReporter -->
<testsuite skipped="0" hostname="ilakiya" name="com.acti.base.DriverScript" tests="1" failures="0" timestamp="22 Nov 2019 22:31:27 GMT" time="28.996" errors="0">
  <testcase name="initBrowser" time="28.996" classname="com.acti.base.DriverScript"/>
</testsuite> <!-- com.acti.base.DriverScript -->
