<?xml version="1.0" encoding="UTF-8"?>
<!-- Generated by org.testng.reporters.JUnitReportReporter -->
<testsuite skipped="0" hostname="ilakiya" name="com.acti.TestCases.TC01_Login" tests="5" failures="0" timestamp="25 Nov 2019 23:02:34 GMT" time="87.748" errors="0">
  <testcase name="TestVerifyTitle" time="17.303" classname="com.acti.TestCases.TC01_Login"/>
  <testcase name="testVerifyLogoIsDisplayed" time="14.586" classname="com.acti.TestCases.TC01_Login"/>
  <testcase name="testValidateLoginFunction" time="16.612" classname="com.acti.TestCases.TC01_Login"/>
  <testcase name="testFgtPwdLink" time="22.582" classname="com.acti.TestCases.TC01_Login"/>
  <testcase name="testActiTimelnktab" time="16.665" classname="com.acti.TestCases.TC01_Login"/>
</testsuite> <!-- com.acti.TestCases.TC01_Login -->
